2025-03-11 12:43:20.937 [main] INFO  io.ktor.server.Application - Autoreload is disabled because the development mode is off.
2025-03-11 12:43:21.014 [main] INFO  io.ktor.server.Application - Application started in 0.233 seconds.
2025-03-11 12:43:21.024 [main] DEBUG i.n.u.i.l.InternalLoggerFactory - Using SLF4J as the default logging framework
2025-03-11 12:43:21.034 [main] DEBUG i.n.util.internal.PlatformDependent0 - -Dio.netty.noUnsafe: false
2025-03-11 12:43:21.035 [main] DEBUG i.n.util.internal.PlatformDependent0 - Java version: 21
2025-03-11 12:43:21.036 [main] DEBUG i.n.util.internal.PlatformDependent0 - sun.misc.Unsafe.theUnsafe: available
2025-03-11 12:43:21.037 [main] DEBUG i.n.util.internal.PlatformDependent0 - sun.misc.Unsafe base methods: all available
2025-03-11 12:43:21.037 [main] DEBUG i.n.util.internal.PlatformDependent0 - sun.misc.Unsafe.storeFence: available
2025-03-11 12:43:21.037 [main] DEBUG i.n.util.internal.PlatformDependent0 - java.nio.Buffer.address: available
2025-03-11 12:43:21.037 [main] DEBUG i.n.util.internal.PlatformDependent0 - direct buffer constructor: unavailable: Reflective setAccessible(true) disabled
2025-03-11 12:43:21.037 [main] DEBUG i.n.util.internal.PlatformDependent0 - java.nio.Bits.unaligned: available, true
2025-03-11 12:43:21.038 [main] DEBUG i.n.util.internal.PlatformDependent0 - jdk.internal.misc.Unsafe.allocateUninitializedArray(int): unavailable: class io.netty.util.internal.PlatformDependent0$7 cannot access class jdk.internal.misc.Unsafe (in module java.base) because module java.base does not export jdk.internal.misc to unnamed module @7a9273a8
2025-03-11 12:43:21.038 [main] DEBUG i.n.util.internal.PlatformDependent0 - java.nio.DirectByteBuffer.<init>(long, {int,long}): unavailable
2025-03-11 12:43:21.038 [main] DEBUG i.n.util.internal.PlatformDependent - sun.misc.Unsafe: available
2025-03-11 12:43:21.038 [main] DEBUG i.n.util.internal.PlatformDependent - -Dio.netty.tmpdir: /tmp (java.io.tmpdir)
2025-03-11 12:43:21.038 [main] DEBUG i.n.util.internal.PlatformDependent - -Dio.netty.bitMode: 64 (sun.arch.data.model)
2025-03-11 12:43:21.039 [main] DEBUG i.n.util.internal.PlatformDependent - -Dio.netty.maxDirectMemory: -1 bytes
2025-03-11 12:43:21.039 [main] DEBUG i.n.util.internal.PlatformDependent - -Dio.netty.uninitializedArrayAllocationThreshold: -1
2025-03-11 12:43:21.040 [main] DEBUG io.netty.util.internal.CleanerJava9 - java.nio.ByteBuffer.cleaner(): available
2025-03-11 12:43:21.040 [main] DEBUG i.n.util.internal.PlatformDependent - -Dio.netty.noPreferDirect: false
2025-03-11 12:43:21.044 [main] DEBUG i.n.u.internal.NativeLibraryLoader - -Dio.netty.native.workdir: /tmp (io.netty.tmpdir)
2025-03-11 12:43:21.044 [main] DEBUG i.n.u.internal.NativeLibraryLoader - -Dio.netty.native.deleteLibAfterLoading: true
2025-03-11 12:43:21.044 [main] DEBUG i.n.u.internal.NativeLibraryLoader - -Dio.netty.native.tryPatchShadedId: true
2025-03-11 12:43:21.044 [main] DEBUG i.n.u.internal.NativeLibraryLoader - -Dio.netty.native.detectNativeLibraryDuplicates: true
2025-03-11 12:43:21.048 [main] DEBUG i.n.c.MultithreadEventLoopGroup - -Dio.netty.eventLoopThreads: 32
2025-03-11 12:43:21.051 [main] DEBUG i.n.u.concurrent.GlobalEventExecutor - -Dio.netty.globalEventExecutor.quietPeriodSeconds: 1
2025-03-11 12:43:21.054 [main] DEBUG i.n.u.i.InternalThreadLocalMap - -Dio.netty.threadLocalMap.stringBuilder.initialSize: 1024
2025-03-11 12:43:21.054 [main] DEBUG i.n.u.i.InternalThreadLocalMap - -Dio.netty.threadLocalMap.stringBuilder.maxSize: 4096
2025-03-11 12:43:21.057 [main] DEBUG io.netty.channel.nio.NioEventLoop - -Dio.netty.noKeySetOptimization: false
2025-03-11 12:43:21.057 [main] DEBUG io.netty.channel.nio.NioEventLoop - -Dio.netty.selectorAutoRebuildThreshold: 512
2025-03-11 12:43:21.059 [main] DEBUG i.n.util.internal.PlatformDependent - org.jctools-core.MpscChunkedArrayQueue: available
2025-03-11 12:43:21.071 [main] DEBUG io.netty.channel.DefaultChannelId - -Dio.netty.processId: 972671 (auto-detected)
2025-03-11 12:43:21.073 [main] DEBUG io.netty.util.NetUtil - -Djava.net.preferIPv4Stack: false
2025-03-11 12:43:21.073 [main] DEBUG io.netty.util.NetUtil - -Djava.net.preferIPv6Addresses: false
2025-03-11 12:43:21.073 [main] DEBUG i.netty.util.NetUtilInitializations - Loopback interface: lo (lo, 0:0:0:0:0:0:0:1%lo)
2025-03-11 12:43:21.074 [main] DEBUG io.netty.util.NetUtil - /proc/sys/net/core/somaxconn: 4096
2025-03-11 12:43:21.074 [main] DEBUG io.netty.channel.DefaultChannelId - -Dio.netty.machineId: 8c:3b:4a:ff:fe:57:56:8a (auto-detected)
2025-03-11 12:43:21.078 [main] DEBUG io.netty.util.ResourceLeakDetector - -Dio.netty.leakDetection.level: simple
2025-03-11 12:43:21.078 [main] DEBUG io.netty.util.ResourceLeakDetector - -Dio.netty.leakDetection.targetRecords: 4
2025-03-11 12:43:21.087 [main] DEBUG i.n.buffer.PooledByteBufAllocator - -Dio.netty.allocator.numHeapArenas: 32
2025-03-11 12:43:21.088 [main] DEBUG i.n.buffer.PooledByteBufAllocator - -Dio.netty.allocator.numDirectArenas: 32
2025-03-11 12:43:21.088 [main] DEBUG i.n.buffer.PooledByteBufAllocator - -Dio.netty.allocator.pageSize: 8192
2025-03-11 12:43:21.088 [main] DEBUG i.n.buffer.PooledByteBufAllocator - -Dio.netty.allocator.maxOrder: 9
2025-03-11 12:43:21.088 [main] DEBUG i.n.buffer.PooledByteBufAllocator - -Dio.netty.allocator.chunkSize: 4194304
2025-03-11 12:43:21.088 [main] DEBUG i.n.buffer.PooledByteBufAllocator - -Dio.netty.allocator.smallCacheSize: 256
2025-03-11 12:43:21.088 [main] DEBUG i.n.buffer.PooledByteBufAllocator - -Dio.netty.allocator.normalCacheSize: 64
2025-03-11 12:43:21.088 [main] DEBUG i.n.buffer.PooledByteBufAllocator - -Dio.netty.allocator.maxCachedBufferCapacity: 32768
2025-03-11 12:43:21.088 [main] DEBUG i.n.buffer.PooledByteBufAllocator - -Dio.netty.allocator.cacheTrimInterval: 8192
2025-03-11 12:43:21.088 [main] DEBUG i.n.buffer.PooledByteBufAllocator - -Dio.netty.allocator.cacheTrimIntervalMillis: 0
2025-03-11 12:43:21.088 [main] DEBUG i.n.buffer.PooledByteBufAllocator - -Dio.netty.allocator.useCacheForAllThreads: false
2025-03-11 12:43:21.088 [main] DEBUG i.n.buffer.PooledByteBufAllocator - -Dio.netty.allocator.maxCachedByteBuffersPerChunk: 1023
2025-03-11 12:43:21.088 [main] DEBUG i.n.buffer.PooledByteBufAllocator - -Dio.netty.allocator.disableCacheFinalizersForFastThreadLocalThreads: false
2025-03-11 12:43:21.092 [main] DEBUG io.netty.buffer.ByteBufUtil - -Dio.netty.allocator.type: pooled
2025-03-11 12:43:21.092 [main] DEBUG io.netty.buffer.ByteBufUtil - -Dio.netty.threadLocalDirectBufferSize: 0
2025-03-11 12:43:21.092 [main] DEBUG io.netty.buffer.ByteBufUtil - -Dio.netty.maxThreadLocalCharBufferSize: 16384
2025-03-11 12:43:21.093 [main] DEBUG i.n.b.ChannelInitializerExtensions - -Dio.netty.bootstrap.extensions: null
2025-03-11 12:43:21.100 [DefaultDispatcher-worker-1] INFO  io.ktor.server.Application - Responding at http://0.0.0.0:8080
2025-03-11 12:43:35.357 [eventLoopGroupProxy-3-1] DEBUG io.netty.buffer.AbstractByteBuf - -Dio.netty.buffer.checkAccessible: true
2025-03-11 12:43:35.357 [eventLoopGroupProxy-3-1] DEBUG io.netty.buffer.AbstractByteBuf - -Dio.netty.buffer.checkBounds: true
2025-03-11 12:43:35.358 [eventLoopGroupProxy-3-1] DEBUG i.n.util.ResourceLeakDetectorFactory - Loaded default ResourceLeakDetector: io.netty.util.ResourceLeakDetector@5b0d1879
2025-03-11 12:43:35.376 [eventLoopGroupProxy-3-1] DEBUG io.netty.util.Recycler - -Dio.netty.recycler.maxCapacityPerThread: 4096
2025-03-11 12:43:35.376 [eventLoopGroupProxy-3-1] DEBUG io.netty.util.Recycler - -Dio.netty.recycler.ratio: 8
2025-03-11 12:43:35.376 [eventLoopGroupProxy-3-1] DEBUG io.netty.util.Recycler - -Dio.netty.recycler.chunkSize: 32
2025-03-11 12:43:35.376 [eventLoopGroupProxy-3-1] DEBUG io.netty.util.Recycler - -Dio.netty.recycler.blocking: false
2025-03-11 12:43:35.376 [eventLoopGroupProxy-3-1] DEBUG io.netty.util.Recycler - -Dio.netty.recycler.batchFastThreadLocalOnly: true
